2023.01.09 20:21:52 INFO  tracing is disabled for protocol LSP, to enable tracing of incoming and outgoing JSON messages create an empty file at /Users/juliana.meneguete/Documents/projetos/java-driven/piramide-de-numeros/.metals/lsp.trace.json or /Users/juliana.meneguete/Library/Caches/org.scalameta.metals/lsp.trace.json[0m
2023.01.09 20:21:54 INFO  logging to file /Users/juliana.meneguete/Documents/projetos/java-driven/piramide-de-numeros/.metals/metals.log[0m
2023.01.09 20:21:54 INFO  Started: Metals version 0.11.10 in workspace '/Users/juliana.meneguete/Documents/projetos/java-driven/piramide-de-numeros' for client Visual Studio Code 1.74.2.[0m
SLF4J: No SLF4J providers were found.
SLF4J: Defaulting to no-operation (NOP) logger implementation
SLF4J: See https://www.slf4j.org/codes.html#noProviders for further details.
SLF4J: Class path contains SLF4J bindings targeting slf4j-api versions 1.7.x or earlier.
SLF4J: Ignoring binding found at [jar:file:/Users/juliana.meneguete/Library/Caches/Coursier/v1/https/repo1.maven.org/maven2/com/outr/scribe-slf4j_2.13/3.10.5/scribe-slf4j_2.13-3.10.5.jar!/org/slf4j/impl/StaticLoggerBinder.class]
SLF4J: See https://www.slf4j.org/codes.html#ignoredBindings for an explanation.
2023.01.09 20:21:56 INFO  time: initialize in 3.04s[0m
2023.01.09 20:22:00 WARN  Build server is not auto-connectable.[0m
2023.01.09 20:22:00 WARN  no build tool detected in workspace '/Users/juliana.meneguete/Documents/projetos/java-driven/piramide-de-numeros'. The most common cause for this problem is that the editor was opened in the wrong working directory, for example if you use sbt then the workspace directory should contain build.sbt. [0m
2023.01.09 20:22:00 WARN  no build target for: /Users/juliana.meneguete/Documents/projetos/java-driven/piramide-de-numeros/src/Main.java[0m
jan 09, 2023 8:22:01 PM org.eclipse.lsp4j.jsonrpc.RemoteEndpoint handleCancellation
WARNING: Unmatched cancel notification for request id 1
jan 09, 2023 8:22:01 PM org.eclipse.lsp4j.jsonrpc.RemoteEndpoint handleCancellation
WARNING: Unmatched cancel notification for request id 2
jan 09, 2023 8:22:26 PM org.eclipse.lsp4j.jsonrpc.services.GenericEndpoint notify
INFO: Unsupported notification method: $/setTrace
2023.01.09 20:22:33 WARN  no build target for: /Users/juliana.meneguete/Documents/projetos/java-driven/piramide-de-numeros/src/Main.java[0m
2023.01.09 20:22:34 INFO  shutting down Metals[0m
